This is pdfTeX, Version 3.14159265-2.6-1.40.21 (TeX Live 2020/W32TeX) (preloaded format=pdflatex 2020.11.5)  15 APR 2021 18:46
entering extended mode
 restricted \write18 enabled.
 %&-line parsing enabled.
**proj.tex
(./proj.tex
LaTeX2e <2020-02-02> patch level 5
L3 programming layer <2020-03-06>
(d:/texlive/2020/texmf-dist/tex/latex/base/article.cls
Document Class: article 2019/12/20 v1.4l Standard LaTeX document class
(d:/texlive/2020/texmf-dist/tex/latex/base/size10.clo
File: size10.clo 2019/12/20 v1.4l Standard LaTeX file (size option)
)
\c@part=\count167
\c@section=\count168
\c@subsection=\count169
\c@subsubsection=\count170
\c@paragraph=\count171
\c@subparagraph=\count172
\c@figure=\count173
\c@table=\count174
\abovecaptionskip=\skip47
\belowcaptionskip=\skip48
\bibindent=\dimen134
)
(d:/texlive/2020/texmf-dist/tex/latex/base/fontenc.sty
Package: fontenc 2020/02/11 v2.0o Standard LaTeX package
)
(d:/texlive/2020/texmf-dist/tex/latex/amsfonts/amsfonts.sty
Package: amsfonts 2013/01/14 v3.01 Basic AMSFonts support
\@emptytoks=\toks15
\symAMSa=\mathgroup4
\symAMSb=\mathgroup5
LaTeX Font Info:    Redeclaring math symbol \hbar on input line 98.
LaTeX Font Info:    Overwriting math alphabet `\mathfrak' in version `bold'
(Font)                  U/euf/m/n --> U/euf/b/n on input line 106.
)
(d:/texlive/2020/texmf-dist/tex/latex/l3backend/l3backend-pdfmode.def
File: l3backend-pdfmode.def 2020-03-12 L3 backend support: PDF mode
\l__kernel_color_stack_int=\count175
\l__pdf_internal_box=\box45
)
(./proj.aux)
\openout1 = `proj.aux'.

LaTeX Font Info:    Checking defaults for OML/cmm/m/it on input line 11.
LaTeX Font Info:    ... okay on input line 11.
LaTeX Font Info:    Checking defaults for OMS/cmsy/m/n on input line 11.
LaTeX Font Info:    ... okay on input line 11.
LaTeX Font Info:    Checking defaults for OT1/cmr/m/n on input line 11.
LaTeX Font Info:    ... okay on input line 11.
LaTeX Font Info:    Checking defaults for T1/cmr/m/n on input line 11.
LaTeX Font Info:    ... okay on input line 11.
LaTeX Font Info:    Checking defaults for TS1/cmr/m/n on input line 11.
LaTeX Font Info:    ... okay on input line 11.
LaTeX Font Info:    Checking defaults for OMX/cmex/m/n on input line 11.
LaTeX Font Info:    ... okay on input line 11.
LaTeX Font Info:    Checking defaults for U/cmr/m/n on input line 11.
LaTeX Font Info:    ... okay on input line 11.
LaTeX Font Info:    Trying to load font information for U+msa on input line 13.

 (d:/texlive/2020/texmf-dist/tex/latex/amsfonts/umsa.fd
File: umsa.fd 2013/01/14 v3.01 AMS symbols A
)
LaTeX Font Info:    Trying to load font information for U+msb on input line 13.


(d:/texlive/2020/texmf-dist/tex/latex/amsfonts/umsb.fd
File: umsb.fd 2013/01/14 v3.01 AMS symbols B
)
Overfull \hbox (8.91357pt too wide) in paragraph at lines 24--27
\T1/cmr/m/n/10 Zaproponowanym przez nas al-go-ryt-mem jest ten od-kryty przez r
osyjskiego matem-
 []


Overfull \hbox (23.19225pt too wide) in paragraph at lines 24--27
\T1/cmr/m/n/10 atyka Ana-tolija Karacub¦. Umo»li-wia on zm-niejsze-nie zªo»ono±
ci cza-sowej ($\OT1/cmr/m/n/10 ^^B(\OML/cmm/m/it/10 n[]\OT1/cmr/m/n/10 )$\T1/cm
r/m/n/10 )
 []


Underfull \hbox (badness 10000) in paragraph at lines 24--27

 []


Underfull \hbox (badness 10000) in paragraph at lines 24--27

 []


Underfull \hbox (badness 10000) in paragraph at lines 28--29

 []

[1

{d:/texlive/2020/texmf-var/fonts/map/pdftex/updmap/pdftex.map}]
Overfull \hbox (43.8344pt too wide) in paragraph at lines 44--44
[]\T1/cmr/bx/n/14.4 Analiza mo»li-wo±ci im-ple-men-tacji al-go-rytmu poszuki-
 []


Underfull \hbox (badness 10000) in paragraph at lines 46--50

 []


Overfull \hbox (21.03404pt too wide) in paragraph at lines 52--52
[]\T1/cmr/bx/n/14.4 Analiza mo»li-wo±ci im-ple-men-tacji al-go-rytmu elim-
 []

[2] (./proj.aux) ) 
Here is how much of TeX's memory you used:
 720 strings out of 480608
 9499 string characters out of 5907536
 242604 words of memory out of 5000000
 16657 multiletter control sequences out of 15000+600000
 546292 words of font info for 64 fonts, out of 8000000 for 9000
 1141 hyphenation exceptions out of 8191
 25i,5n,27p,387b,200s stack positions out of 5000i,500n,10000p,200000b,80000s
{d:/texlive/2020/texmf-dist/fonts/enc/dvips/cm-super/cm-super
-t1.enc}<d:/texlive/2020/texmf-dist/fonts/type1/public/amsfonts/cm/cmmi10.pfb><
d:/texlive/2020/texmf-dist/fonts/type1/public/amsfonts/cm/cmmi7.pfb><d:/texlive
/2020/texmf-dist/fonts/type1/public/amsfonts/cm/cmr10.pfb><d:/texlive/2020/texm
f-dist/fonts/type1/public/amsfonts/cm/cmr5.pfb><d:/texlive/2020/texmf-dist/font
s/type1/public/amsfonts/cm/cmr7.pfb><d:/texlive/2020/texmf-dist/fonts/type1/pub
lic/amsfonts/cm/cmsy10.pfb><d:/texlive/2020/texmf-dist/fonts/type1/public/amsfo
nts/symbols/msbm10.pfb><d:/texlive/2020/texmf-dist/fonts/type1/public/cm-super/
sfbx0900.pfb><d:/texlive/2020/texmf-dist/fonts/type1/public/cm-super/sfbx1440.p
fb><d:/texlive/2020/texmf-dist/fonts/type1/public/cm-super/sfrm0900.pfb><d:/tex
live/2020/texmf-dist/fonts/type1/public/cm-super/sfrm1000.pfb><d:/texlive/2020/
texmf-dist/fonts/type1/public/cm-super/sfrm1728.pfb><d:/texlive/2020/texmf-dist
/fonts/type1/public/cm-super/sfti1000.pfb>
Output written on proj.pdf (2 pages, 157139 bytes).
PDF statistics:
 64 PDF objects out of 1000 (max. 8388607)
 46 compressed objects within 1 object stream
 0 named destinations out of 1000 (max. 500000)
 1 words of extra memory for PDF output out of 10000 (max. 10000000)

